#
# There is insufficient memory for the Java Runtime Environment to continue.
# Native memory allocation (malloc) failed to allocate 1381616 bytes. Error detail: Chunk::new
# Possible reasons:
#   The system is out of physical RAM or swap space
#   This process is running with CompressedOops enabled, and the Java Heap may be blocking the growth of the native heap
# Possible solutions:
#   Reduce memory load on the system
#   Increase physical memory or swap space
#   Check if swap backing store is full
#   Decrease Java heap size (-Xmx/-Xms)
#   Decrease number of Java threads
#   Decrease Java thread stack sizes (-Xss)
#   Set larger code cache with -XX:ReservedCodeCacheSize=
#   JVM is running with Zero Based Compressed Oops mode in which the Java heap is
#     placed in the first 32GB address space. The Java Heap base address is the
#     maximum limit for the native heap growth. Please use -XX:HeapBaseMinAddress
#     to set the Java Heap base and to place the Java Heap above 32GB virtual address.
# This output file may be truncated or incomplete.
#
#  Out of Memory Error (arena.cpp:150), pid=23760, tid=20872
#
# JRE version: OpenJDK Runtime Environment (22.0.2+9) (build 22.0.2+9-70)
# Java VM: OpenJDK 64-Bit Server VM (22.0.2+9-70, mixed mode, sharing, tiered, compressed oops, compressed class ptrs, g1 gc, windows-amd64)
# No core dump will be written. Minidumps are not enabled by default on client versions of Windows
#

---------------  S U M M A R Y ------------

Command Line: -javaagent:C:\Program Files\JetBrains\IntelliJ IDEA Community Edition 2024.2.2\lib\idea_rt.jar=54830:C:\Program Files\JetBrains\IntelliJ IDEA Community Edition 2024.2.2\bin -Dfile.encoding=UTF-8 -Dsun.stdout.encoding=UTF-8 -Dsun.stderr.encoding=UTF-8 com.nilesh.OnlineFoodOrderingApplication

Host: AMD Ryzen 5 5500U with Radeon Graphics         , 12 cores, 15G,  Windows 11 , 64 bit Build 26100 (10.0.26100.4768)
Time: Mon Sep  1 23:06:23 2025 India Standard Time elapsed time: 20.319016 seconds (0d 0h 0m 20s)

---------------  T H R E A D  ---------------

Current thread (0x0000020e84f40690):  JavaThread "C2 CompilerThread1" daemon [_thread_in_native, id=20872, stack(0x0000003265100000,0x0000003265200000) (1024K)]


Current CompileTask:
C2:20319 9980       4       org.springframework.core.ResolvableType::forType (112 bytes)

Stack: [0x0000003265100000,0x0000003265200000]
Native frames: (J=compiled Java code, j=interpreted, Vv=VM code, C=native code)
V  [jvm.dll+0x6e26e9]  (no source info available)
V  [jvm.dll+0x875753]  (no source info available)
V  [jvm.dll+0x877b7e]  (no source info available)
V  [jvm.dll+0x878253]  (no source info available)
V  [jvm.dll+0x27fc86]  (no source info available)
V  [jvm.dll+0xc3d0f]  (no source info available)
V  [jvm.dll+0xc3f6b]  (no source info available)
V  [jvm.dll+0x3bb47c]  (no source info available)
V  [jvm.dll+0x387d4b]  (no source info available)
V  [jvm.dll+0x3871ba]  (no source info available)
V  [jvm.dll+0x2477f8]  (no source info available)
V  [jvm.dll+0x246e9f]  (no source info available)
V  [jvm.dll+0x1c4e80]  (no source info available)
V  [jvm.dll+0x2568f3]  (no source info available)
V  [jvm.dll+0x254baa]  (no source info available)
V  [jvm.dll+0x3f57a6]  (no source info available)
V  [jvm.dll+0x81dc0b]  (no source info available)
V  [jvm.dll+0x6e0d85]  (no source info available)
C  [ucrtbase.dll+0x37b0]  (no source info available)
C  [KERNEL32.DLL+0x2e8d7]  (no source info available)
C  [ntdll.dll+0x3c34c]  (no source info available)


---------------  P R O C E S S  ---------------

Threads class SMR info:
_java_thread_list=0x0000020e85b3c410, length=34, elements={
0x0000020ebde33400, 0x0000020ebde349d0, 0x0000020ebde3c2a0, 0x0000020ebde3d060,
0x0000020ebde3f1a0, 0x0000020ebde40770, 0x0000020ebde41630, 0x0000020ebde513f0,
0x0000020ebddfb7d0, 0x0000020eff388a30, 0x0000020eff38a0b0, 0x0000020e87672df0,
0x0000020e865dc720, 0x0000020e85c460c0, 0x0000020e84c37ae0, 0x0000020e84c39520,
0x0000020e84f40690, 0x0000020e84f3ddb0, 0x0000020e84c39bb0, 0x0000020e84c3a8d0,
0x0000020e847dda40, 0x0000020e847dc690, 0x0000020e847da5c0, 0x0000020e847de0d0,
0x0000020e847dc000, 0x0000020e847dac50, 0x0000020e847db2e0, 0x0000020e847de760,
0x0000020e847dcd20, 0x0000020e847dedf0, 0x0000020e847db970, 0x0000020e847df480,
0x0000020e847dfb10, 0x0000020e847e01a0
}

Java Threads: ( => current thread )
  0x0000020ebde33400 JavaThread "Reference Handler"          daemon [_thread_blocked, id=14252, stack(0x0000003263f00000,0x0000003264000000) (1024K)]
  0x0000020ebde349d0 JavaThread "Finalizer"                  daemon [_thread_blocked, id=24552, stack(0x0000003264000000,0x0000003264100000) (1024K)]
  0x0000020ebde3c2a0 JavaThread "Signal Dispatcher"          daemon [_thread_blocked, id=23128, stack(0x0000003264100000,0x0000003264200000) (1024K)]
  0x0000020ebde3d060 JavaThread "Attach Listener"            daemon [_thread_blocked, id=7880, stack(0x0000003264200000,0x0000003264300000) (1024K)]
  0x0000020ebde3f1a0 JavaThread "Service Thread"             daemon [_thread_blocked, id=17960, stack(0x0000003264300000,0x0000003264400000) (1024K)]
  0x0000020ebde40770 JavaThread "Monitor Deflation Thread"   daemon [_thread_blocked, id=18944, stack(0x0000003264400000,0x0000003264500000) (1024K)]
  0x0000020ebde41630 JavaThread "C2 CompilerThread0"         daemon [_thread_in_native, id=19196, stack(0x0000003264500000,0x0000003264600000) (1024K)]
  0x0000020ebde513f0 JavaThread "C1 CompilerThread0"         daemon [_thread_blocked, id=23596, stack(0x0000003264600000,0x0000003264700000) (1024K)]
  0x0000020ebddfb7d0 JavaThread "Common-Cleaner"             daemon [_thread_blocked, id=4588, stack(0x0000003264700000,0x0000003264800000) (1024K)]
  0x0000020eff388a30 JavaThread "Monitor Ctrl-Break"         daemon [_thread_in_native, id=15300, stack(0x0000003264900000,0x0000003264a00000) (1024K)]
  0x0000020eff38a0b0 JavaThread "Notification Thread"        daemon [_thread_blocked, id=15308, stack(0x0000003264a00000,0x0000003264b00000) (1024K)]
  0x0000020e87672df0 JavaThread "Catalina-utility-1"                [_thread_blocked, id=24424, stack(0x0000003265900000,0x0000003265a00000) (1024K)]
  0x0000020e865dc720 JavaThread "Catalina-utility-2"                [_thread_blocked, id=20312, stack(0x0000003265a00000,0x0000003265b00000) (1024K)]
  0x0000020e85c460c0 JavaThread "container-0"                       [_thread_blocked, id=17888, stack(0x0000003265b00000,0x0000003265c00000) (1024K)]
  0x0000020e84c37ae0 JavaThread "mysql-cj-abandoned-connection-cleanup" daemon [_thread_blocked, id=24736, stack(0x0000003265c00000,0x0000003265d00000) (1024K)]
  0x0000020e84c39520 JavaThread "HikariPool-1:housekeeper"   daemon [_thread_blocked, id=9440, stack(0x0000003265e00000,0x0000003265f00000) (1024K)]
=>0x0000020e84f40690 JavaThread "C2 CompilerThread1"         daemon [_thread_in_native, id=20872, stack(0x0000003265100000,0x0000003265200000) (1024K)]
  0x0000020e84f3ddb0 JavaThread "C2 CompilerThread2"         daemon [_thread_blocked, id=8900, stack(0x0000003265700000,0x0000003265800000) (1024K)]
  0x0000020e84c39bb0 JavaThread "File Watcher"               daemon [_thread_blocked, id=22016, stack(0x0000003265f00000,0x0000003266000000) (1024K)]
  0x0000020e84c3a8d0 JavaThread "Live Reload Server"         daemon [_thread_in_native, id=17080, stack(0x0000003266100000,0x0000003266200000) (1024K)]
  0x0000020e847dda40 JavaThread "http-nio-8080-exec-1"       daemon [_thread_blocked, id=24208, stack(0x0000003266000000,0x0000003266100000) (1024K)]
  0x0000020e847dc690 JavaThread "http-nio-8080-exec-2"       daemon [_thread_blocked, id=10132, stack(0x0000003266200000,0x0000003266300000) (1024K)]
  0x0000020e847da5c0 JavaThread "http-nio-8080-exec-3"       daemon [_thread_blocked, id=20976, stack(0x0000003266300000,0x0000003266400000) (1024K)]
  0x0000020e847de0d0 JavaThread "http-nio-8080-exec-4"       daemon [_thread_blocked, id=8944, stack(0x0000003266400000,0x0000003266500000) (1024K)]
  0x0000020e847dc000 JavaThread "http-nio-8080-exec-5"       daemon [_thread_blocked, id=22344, stack(0x0000003266500000,0x0000003266600000) (1024K)]
  0x0000020e847dac50 JavaThread "http-nio-8080-exec-6"       daemon [_thread_blocked, id=24080, stack(0x0000003266600000,0x0000003266700000) (1024K)]
  0x0000020e847db2e0 JavaThread "http-nio-8080-exec-7"       daemon [_thread_blocked, id=22208, stack(0x0000003266700000,0x0000003266800000) (1024K)]
  0x0000020e847de760 JavaThread "http-nio-8080-exec-8"       daemon [_thread_blocked, id=24104, stack(0x0000003266800000,0x0000003266900000) (1024K)]
  0x0000020e847dcd20 JavaThread "http-nio-8080-exec-9"       daemon [_thread_blocked, id=24844, stack(0x0000003266900000,0x0000003266a00000) (1024K)]
  0x0000020e847dedf0 JavaThread "http-nio-8080-exec-10"      daemon [_thread_blocked, id=25280, stack(0x0000003266a00000,0x0000003266b00000) (1024K)]
  0x0000020e847db970 JavaThread "http-nio-8080-Poller"       daemon [_thread_in_native, id=18796, stack(0x0000003266b00000,0x0000003266c00000) (1024K)]
  0x0000020e847df480 JavaThread "http-nio-8080-Acceptor"     daemon [_thread_in_native, id=3532, stack(0x0000003266c00000,0x0000003266d00000) (1024K)]
  0x0000020e847dfb10 JavaThread "DestroyJavaVM"                     [_thread_blocked, id=20600, stack(0x0000003263700000,0x0000003263800000) (1024K)]
  0x0000020e847e01a0 JavaThread "HikariPool-1:connection-adder" daemon [_thread_blocked, id=23148, stack(0x0000003264800000,0x0000003264900000) (1024K)]
Total: 34

Other Threads:
  0x0000020ebde13150 VMThread "VM Thread"                           [id=23840, stack(0x0000003263e00000,0x0000003263f00000) (1024K)]
  0x0000020ebddfa810 WatcherThread "VM Periodic Task Thread"        [id=25392, stack(0x0000003263d00000,0x0000003263e00000) (1024K)]
  0x0000020e9edf1350 WorkerThread "GC Thread#0"                     [id=22352, stack(0x0000003263800000,0x0000003263900000) (1024K)]
  0x0000020eff71ac20 WorkerThread "GC Thread#1"                     [id=14300, stack(0x0000003264c00000,0x0000003264d00000) (1024K)]
  0x0000020eff6c50f0 WorkerThread "GC Thread#2"                     [id=3556, stack(0x0000003264d00000,0x0000003264e00000) (1024K)]
  0x0000020eff6c58b0 WorkerThread "GC Thread#3"                     [id=19996, stack(0x0000003264e00000,0x0000003264f00000) (1024K)]
  0x0000020eff6c5c60 WorkerThread "GC Thread#4"                     [id=22820, stack(0x0000003264f00000,0x0000003265000000) (1024K)]
  0x0000020effbd3490 WorkerThread "GC Thread#5"                     [id=7948, stack(0x0000003265000000,0x0000003265100000) (1024K)]
  0x0000020e84abe310 WorkerThread "GC Thread#6"                     [id=8312, stack(0x0000003265200000,0x0000003265300000) (1024K)]
  0x0000020e84abe6c0 WorkerThread "GC Thread#7"                     [id=21028, stack(0x0000003265400000,0x0000003265500000) (1024K)]
  0x0000020e84b135e0 WorkerThread "GC Thread#8"                     [id=15108, stack(0x0000003265500000,0x0000003265600000) (1024K)]
  0x0000020e84b18ad0 WorkerThread "GC Thread#9"                     [id=7044, stack(0x0000003265600000,0x0000003265700000) (1024K)]
  0x0000020e9ee028d0 ConcurrentGCThread "G1 Main Marker"            [id=24516, stack(0x0000003263900000,0x0000003263a00000) (1024K)]
  0x0000020e9ee05110 WorkerThread "G1 Conc#0"                       [id=25152, stack(0x0000003263a00000,0x0000003263b00000) (1024K)]
  0x0000020e84cb8c50 WorkerThread "G1 Conc#1"                       [id=2172, stack(0x0000003265300000,0x0000003265400000) (1024K)]
  0x0000020e84cb9000 WorkerThread "G1 Conc#2"                       [id=2616, stack(0x0000003265800000,0x0000003265900000) (1024K)]
  0x0000020ebdcca870 ConcurrentGCThread "G1 Refine#0"               [id=1240, stack(0x0000003263b00000,0x0000003263c00000) (1024K)]
  0x0000020ebdccb0a0 ConcurrentGCThread "G1 Service"                [id=15780, stack(0x0000003263c00000,0x0000003263d00000) (1024K)]
Total: 18

Threads with active compile tasks:
C2 CompilerThread0  20476 9934       4       com.mysql.cj.QueryInfo::<init> (2259 bytes)
C2 CompilerThread1  20476 9980       4       org.springframework.core.ResolvableType::forType (112 bytes)
Total: 2

VM state: not at safepoint (normal execution)

VM Mutex/Monitor currently owned by a thread: None

Heap address: 0x000000070a800000, size: 3928 MB, Compressed Oops mode: Zero based, Oop shift amount: 3

CDS archive(s) mapped at: [0x0000020ebe000000-0x0000020ebec60000-0x0000020ebec60000), size 12976128, SharedBaseAddress: 0x0000020ebe000000, ArchiveRelocationMode: 1.
Compressed class space mapped at: 0x0000020ebf000000-0x0000020eff000000, reserved size: 1073741824
Narrow klass base: 0x0000020ebe000000, Narrow klass shift: 0, Narrow klass range: 0x41000000

GC Precious Log:
 CardTable entry size: 512
 Card Set container configuration: InlinePtr #cards 4 size 8 Array Of Cards #cards 16 size 48 Howl #buckets 8 coarsen threshold 3686 Howl Bitmap #cards 512 size 80 coarsen threshold 460 Card regions per heap region 1 cards per card region 4096
 CPUs: 12 total, 12 available
 Memory: 15708M
 Large Page Support: Disabled
 NUMA Support: Disabled
 Compressed Oops: Enabled (Zero based)
 Heap Region Size: 2M
 Heap Min Capacity: 8M
 Heap Initial Capacity: 246M
 Heap Max Capacity: 3928M
 Pre-touch: Disabled
 Parallel Workers: 10
 Concurrent Workers: 3
 Concurrent Refinement Workers: 10
 Periodic GC: Disabled

Heap:
 garbage-first heap   total reserved 4022272K, committed 106496K, used 50977K [0x000000070a800000, 0x0000000800000000)
  region size 2048K, 9 young (18432K), 4 survivors (8192K)
 Metaspace       used 84805K, committed 85632K, reserved 1179648K
  class space    used 11763K, committed 12096K, reserved 1048576K

Heap Regions: E=young(eden), S=young(survivor), O=old, HS=humongous(starts), HC=humongous(continues), CS=collection set, F=free, TAMS=top-at-mark-start, PB=parsable bottom
|   0|0x000000070a800000, 0x000000070aa00000, 0x000000070aa00000|100%| O|  |TAMS 0x000000070a800000| PB 0x000000070a800000| Untracked |  0
|   1|0x000000070aa00000, 0x000000070ac00000, 0x000000070ac00000|100%| O|  |TAMS 0x000000070aa00000| PB 0x000000070aa00000| Untracked |  0
|   2|0x000000070ac00000, 0x000000070ae00000, 0x000000070ae00000|100%| O|  |TAMS 0x000000070ac00000| PB 0x000000070ac00000| Untracked |  0
|   3|0x000000070ae00000, 0x000000070aff2908, 0x000000070b000000| 97%| O|  |TAMS 0x000000070ae00000| PB 0x000000070ae00000| Untracked |  0
|   4|0x000000070b000000, 0x000000070b200000, 0x000000070b200000|100%| O|  |TAMS 0x000000070b000000| PB 0x000000070b000000| Untracked |  0
|   5|0x000000070b200000, 0x000000070b400000, 0x000000070b400000|100%| O|  |TAMS 0x000000070b200000| PB 0x000000070b200000| Untracked |  0
|   6|0x000000070b400000, 0x000000070b600000, 0x000000070b600000|100%| O|  |TAMS 0x000000070b400000| PB 0x000000070b400000| Untracked |  0
|   7|0x000000070b600000, 0x000000070b800000, 0x000000070b800000|100%| O|  |TAMS 0x000000070b600000| PB 0x000000070b600000| Untracked |  0
|   8|0x000000070b800000, 0x000000070ba00000, 0x000000070ba00000|100%| O|  |TAMS 0x000000070b800000| PB 0x000000070b800000| Untracked |  0
|   9|0x000000070ba00000, 0x000000070bc00000, 0x000000070bc00000|100%| O|  |TAMS 0x000000070ba00000| PB 0x000000070ba00000| Untracked |  0
|  10|0x000000070bc00000, 0x000000070be00000, 0x000000070be00000|100%| O|  |TAMS 0x000000070bc00000| PB 0x000000070bc00000| Untracked |  0
|  11|0x000000070be00000, 0x000000070c000000, 0x000000070c000000|100%| O|  |TAMS 0x000000070be00000| PB 0x000000070be00000| Untracked |  0
|  12|0x000000070c000000, 0x000000070c200000, 0x000000070c200000|100%| O|  |TAMS 0x000000070c000000| PB 0x000000070c000000| Untracked |  0
|  13|0x000000070c200000, 0x000000070c400000, 0x000000070c400000|100%| O|  |TAMS 0x000000070c200000| PB 0x000000070c200000| Untracked |  0
|  14|0x000000070c400000, 0x000000070c600000, 0x000000070c600000|100%| O|  |TAMS 0x000000070c400000| PB 0x000000070c400000| Untracked |  0
|  15|0x000000070c600000, 0x000000070c800000, 0x000000070c800000|100%| O|  |TAMS 0x000000070c600000| PB 0x000000070c600000| Untracked |  0
|  16|0x000000070c800000, 0x000000070c800000, 0x000000070ca00000|  0%| F|  |TAMS 0x000000070c800000| PB 0x000000070c800000| Untracked |  0
|  17|0x000000070ca00000, 0x000000070ca00000, 0x000000070cc00000|  0%| F|  |TAMS 0x000000070ca00000| PB 0x000000070ca00000| Untracked |  0
|  18|0x000000070cc00000, 0x000000070cc00000, 0x000000070ce00000|  0%| F|  |TAMS 0x000000070cc00000| PB 0x000000070cc00000| Untracked |  0
|  19|0x000000070ce00000, 0x000000070ce00000, 0x000000070d000000|  0%| F|  |TAMS 0x000000070ce00000| PB 0x000000070ce00000| Untracked |  0
|  20|0x000000070d000000, 0x000000070d049110, 0x000000070d200000| 14%| S|CS|TAMS 0x000000070d000000| PB 0x000000070d000000| Complete |  0
|  21|0x000000070d200000, 0x000000070d200000, 0x000000070d400000|  0%| F|  |TAMS 0x000000070d200000| PB 0x000000070d200000| Untracked |  0
|  22|0x000000070d400000, 0x000000070d600000, 0x000000070d600000|100%| S|CS|TAMS 0x000000070d400000| PB 0x000000070d400000| Complete |  0
|  23|0x000000070d600000, 0x000000070d800000, 0x000000070d800000|100%| O|  |TAMS 0x000000070d600000| PB 0x000000070d600000| Untracked |  0
|  24|0x000000070d800000, 0x000000070da00000, 0x000000070da00000|100%| S|CS|TAMS 0x000000070d800000| PB 0x000000070d800000| Complete |  0
|  25|0x000000070da00000, 0x000000070db8cc78, 0x000000070dc00000| 77%| O|  |TAMS 0x000000070da00000| PB 0x000000070da00000| Untracked |  0
|  26|0x000000070dc00000, 0x000000070de00000, 0x000000070de00000|100%| S|CS|TAMS 0x000000070dc00000| PB 0x000000070dc00000| Complete |  0
|  27|0x000000070de00000, 0x000000070de00000, 0x000000070e000000|  0%| F|  |TAMS 0x000000070de00000| PB 0x000000070de00000| Untracked |  0
|  28|0x000000070e000000, 0x000000070e000000, 0x000000070e200000|  0%| F|  |TAMS 0x000000070e000000| PB 0x000000070e000000| Untracked |  0
|  29|0x000000070e200000, 0x000000070e200000, 0x000000070e400000|  0%| F|  |TAMS 0x000000070e200000| PB 0x000000070e200000| Untracked |  0
|  30|0x000000070e400000, 0x000000070e400000, 0x000000070e600000|  0%| F|  |TAMS 0x000000070e400000| PB 0x000000070e400000| Untracked |  0
|  31|0x000000070e600000, 0x000000070e600000, 0x000000070e800000|  0%| F|  |TAMS 0x000000070e600000| PB 0x000000070e600000| Untracked |  0
|  32|0x000000070e800000, 0x000000070e800000, 0x000000070ea00000|  0%| F|  |TAMS 0x000000070e800000| PB 0x000000070e800000| Untracked |  0
|  33|0x000000070ea00000, 0x000000070ea00000, 0x000000070ec00000|  0%| F|  |TAMS 0x000000070ea00000| PB 0x000000070ea00000| Untracked |  0
|  34|0x000000070ec00000, 0x000000070ec00000, 0x000000070ee00000|  0%| F|  |TAMS 0x000000070ec00000| PB 0x000000070ec00000| Untracked |  0
|  35|0x000000070ee00000, 0x000000070ee00000, 0x000000070f000000|  0%| F|  |TAMS 0x000000070ee00000| PB 0x000000070ee00000| Untracked |  0
|  36|0x000000070f000000, 0x000000070f000000, 0x000000070f200000|  0%| F|  |TAMS 0x000000070f000000| PB 0x000000070f000000| Untracked |  0
|  37|0x000000070f200000, 0x000000070f200000, 0x000000070f400000|  0%| F|  |TAMS 0x000000070f200000| PB 0x000000070f200000| Untracked |  0
|  38|0x000000070f400000, 0x000000070f400000, 0x000000070f600000|  0%| F|  |TAMS 0x000000070f400000| PB 0x000000070f400000| Untracked |  0
|  39|0x000000070f600000, 0x000000070f600000, 0x000000070f800000|  0%| F|  |TAMS 0x000000070f600000| PB 0x000000070f600000| Untracked |  0
|  40|0x000000070f800000, 0x000000070f800000, 0x000000070fa00000|  0%| F|  |TAMS 0x000000070f800000| PB 0x000000070f800000| Untracked |  0
|  41|0x000000070fa00000, 0x000000070fa00000, 0x000000070fc00000|  0%| F|  |TAMS 0x000000070fa00000| PB 0x000000070fa00000| Untracked |  0
|  42|0x000000070fc00000, 0x000000070fc00000, 0x000000070fe00000|  0%| F|  |TAMS 0x000000070fc00000| PB 0x000000070fc00000| Untracked |  0
|  43|0x000000070fe00000, 0x000000070fe00000, 0x0000000710000000|  0%| F|  |TAMS 0x000000070fe00000| PB 0x000000070fe00000| Untracked |  0
|  44|0x0000000710000000, 0x0000000710000000, 0x0000000710200000|  0%| F|  |TAMS 0x0000000710000000| PB 0x0000000710000000| Untracked |  0
|  45|0x0000000710200000, 0x0000000710200000, 0x0000000710400000|  0%| F|  |TAMS 0x0000000710200000| PB 0x0000000710200000| Untracked |  0
|  46|0x0000000710400000, 0x0000000710400000, 0x0000000710600000|  0%| F|  |TAMS 0x0000000710400000| PB 0x0000000710400000| Untracked |  0
|  99|0x0000000716e00000, 0x0000000716e19f90, 0x0000000717000000|  5%| E|  |TAMS 0x0000000716e00000| PB 0x0000000716e00000| Complete |  0
| 100|0x0000000717000000, 0x0000000717200000, 0x0000000717200000|100%| E|CS|TAMS 0x0000000717000000| PB 0x0000000717000000| Complete |  0
| 101|0x0000000717200000, 0x0000000717400000, 0x0000000717400000|100%| E|CS|TAMS 0x0000000717200000| PB 0x0000000717200000| Complete |  0
| 102|0x0000000717400000, 0x0000000717600000, 0x0000000717600000|100%| E|CS|TAMS 0x0000000717400000| PB 0x0000000717400000| Complete |  0
| 122|0x0000000719c00000, 0x0000000719e00000, 0x0000000719e00000|100%| E|CS|TAMS 0x0000000719c00000| PB 0x0000000719c00000| Complete |  0

Card table byte_map: [0x0000020eb6cb0000,0x0000020eb7460000] _byte_map_base: 0x0000020eb345c000

Marking Bits: (CMBitMap*) 0x0000020e9edf1a60
 Bits: [0x0000020eb7460000, 0x0000020ebb1c0000)

Polling page: 0x0000020e9cbf0000

Metaspace:

Usage:
  Non-class:     71.33 MB used.
      Class:     11.49 MB used.
       Both:     82.82 MB used.

Virtual space:
  Non-class space:      128.00 MB reserved,      71.81 MB ( 56%) committed,  2 nodes.
      Class space:        1.00 GB reserved,      11.81 MB (  1%) committed,  1 nodes.
             Both:        1.12 GB reserved,      83.62 MB (  7%) committed. 

Chunk freelists:
   Non-Class:  7.47 MB
       Class:  4.13 MB
        Both:  11.60 MB

MaxMetaspaceSize: unlimited
CompressedClassSpaceSize: 1.00 GB
Initial GC threshold: 21.00 MB
Current GC threshold: 119.69 MB
CDS: on
 - commit_granule_bytes: 65536.
 - commit_granule_words: 8192.
 - virtual_space_node_default_size: 8388608.
 - enlarge_chunks_in_place: 1.
 - use_allocation_guard: 0.


Internal statistics:

num_allocs_failed_limit: 9.
num_arena_births: 1140.
num_arena_deaths: 0.
num_vsnodes_births: 3.
num_vsnodes_deaths: 0.
num_space_committed: 1338.
num_space_uncommitted: 0.
num_chunks_returned_to_freelist: 9.
num_chunks_taken_from_freelist: 4175.
num_chunk_merges: 9.
num_chunk_splits: 2975.
num_chunks_enlarged: 2267.
num_inconsistent_stats: 0.

CodeHeap 'non-profiled nmethods': size=120000Kb used=5716Kb max_used=5716Kb free=114283Kb
 bounds [0x0000020eaeb90000, 0x0000020eaf130000, 0x0000020eb60c0000]
CodeHeap 'profiled nmethods': size=120000Kb used=16951Kb max_used=16951Kb free=103048Kb
 bounds [0x0000020ea70c0000, 0x0000020ea8150000, 0x0000020eae5f0000]
CodeHeap 'non-nmethods': size=5760Kb used=1801Kb max_used=1864Kb free=3959Kb
 bounds [0x0000020eae5f0000, 0x0000020eae860000, 0x0000020eaeb90000]
 total_blobs=9736 nmethods=8937 adapters=702
 compilation: enabled
              stopped_count=0, restarted_count=0
 full_count=0

Compilation events (20 events):
Event: 19.746 Thread 0x0000020ebde513f0 nmethod 10245 0x0000020ea812b910 code [0x0000020ea812bac0, 0x0000020ea812bc58]
Event: 19.746 Thread 0x0000020ebde513f0 10247       3       com.mysql.cj.jdbc.StatementImpl::startQueryTimer (12 bytes)
Event: 19.746 Thread 0x0000020ebde513f0 nmethod 10247 0x0000020ea812bd10 code [0x0000020ea812bec0, 0x0000020ea812c0a0]
Event: 19.746 Thread 0x0000020ebde513f0 10250       3       com.mysql.cj.ClientPreparedQuery::fillSendPacket (33 bytes)
Event: 19.747 Thread 0x0000020ebde513f0 nmethod 10250 0x0000020ea812c190 code [0x0000020ea812c380, 0x0000020ea812c870]
Event: 19.747 Thread 0x0000020ebde513f0 10256       3       com.mysql.cj.protocol.a.NativePacketPayload::readString (176 bytes)
Event: 19.747 Thread 0x0000020e84f3ddb0 10257       4       java.util.BitSet::get (69 bytes)
Event: 19.747 Thread 0x0000020ebde513f0 nmethod 10256 0x0000020ea812ca90 code [0x0000020ea812ccc0, 0x0000020ea812d2b8]
Event: 19.748 Thread 0x0000020ebde513f0 10236   !   3       com.mysql.cj.jdbc.result.ResultSetImpl::doClose (812 bytes)
Event: 19.750 Thread 0x0000020e84f3ddb0 nmethod 10257 0x0000020eaf123690 code [0x0000020eaf123820, 0x0000020eaf123938]
Event: 19.750 Thread 0x0000020e84f3ddb0 10259   !   4       com.mysql.cj.protocol.a.NativeProtocol::readMessage (86 bytes)
Event: 19.759 Thread 0x0000020ebde513f0 nmethod 10236 0x0000020ea812d490 code [0x0000020ea812de60, 0x0000020ea8134690]
Event: 19.759 Thread 0x0000020ebde513f0 10253       3       com.mysql.cj.protocol.a.NativeProtocol::readServerStatusForResultSets (131 bytes)
Event: 19.761 Thread 0x0000020ebde513f0 nmethod 10253 0x0000020ea8137810 code [0x0000020ea8137a60, 0x0000020ea8138238]
Event: 19.761 Thread 0x0000020ebde513f0 10252   !   3       com.mysql.cj.jdbc.StatementImpl::setupStreamingTimeout (318 bytes)
Event: 19.764 Thread 0x0000020ebde513f0 nmethod 10252 0x0000020ea8138590 code [0x0000020ea8138980, 0x0000020ea813afc8]
Event: 19.764 Thread 0x0000020ebde513f0 10254       3       com.mysql.cj.protocol.a.NativePacketPayload::isEOFPacket (30 bytes)
Event: 19.764 Thread 0x0000020ebde513f0 nmethod 10254 0x0000020ea813bf90 code [0x0000020ea813c120, 0x0000020ea813c2e8]
Event: 19.764 Thread 0x0000020ebde513f0 10249       3       com.mysql.cj.jdbc.ConnectionImpl::unregisterStatement (10 bytes)
Event: 19.765 Thread 0x0000020ebde513f0 nmethod 10249 0x0000020ea813c410 code [0x0000020ea813c5c0, 0x0000020ea813c7a0]

GC Heap History (20 events):
Event: 13.006 GC heap before
{Heap before GC invocations=13 (full 0):
 garbage-first heap   total reserved 4022272K, committed 65536K, used 55892K [0x000000070a800000, 0x0000000800000000)
  region size 2048K, 15 young (30720K), 1 survivors (2048K)
 Metaspace       used 65007K, committed 65664K, reserved 1114112K
  class space    used 8865K, committed 9152K, reserved 1048576K
}
Event: 13.012 GC heap after
{Heap after GC invocations=14 (full 0):
 garbage-first heap   total reserved 4022272K, committed 79872K, used 29759K [0x000000070a800000, 0x0000000800000000)
  region size 2048K, 2 young (4096K), 2 survivors (4096K)
 Metaspace       used 65007K, committed 65664K, reserved 1114112K
  class space    used 8865K, committed 9152K, reserved 1048576K
}
Event: 14.432 GC heap before
{Heap before GC invocations=14 (full 0):
 garbage-first heap   total reserved 4022272K, committed 79872K, used 66623K [0x000000070a800000, 0x0000000800000000)
  region size 2048K, 21 young (43008K), 2 survivors (4096K)
 Metaspace       used 71222K, committed 71936K, reserved 1114112K
  class space    used 9973K, committed 10304K, reserved 1048576K
}
Event: 14.441 GC heap after
{Heap after GC invocations=15 (full 0):
 garbage-first heap   total reserved 4022272K, committed 79872K, used 32943K [0x000000070a800000, 0x0000000800000000)
  region size 2048K, 3 young (6144K), 3 survivors (6144K)
 Metaspace       used 71222K, committed 71936K, reserved 1114112K
  class space    used 9973K, committed 10304K, reserved 1048576K
}
Event: 14.843 GC heap before
{Heap before GC invocations=15 (full 0):
 garbage-first heap   total reserved 4022272K, committed 79872K, used 65711K [0x000000070a800000, 0x0000000800000000)
  region size 2048K, 19 young (38912K), 3 survivors (6144K)
 Metaspace       used 72810K, committed 73536K, reserved 1114112K
  class space    used 10203K, committed 10560K, reserved 1048576K
}
Event: 14.850 GC heap after
{Heap after GC invocations=16 (full 0):
 garbage-first heap   total reserved 4022272K, committed 79872K, used 37745K [0x000000070a800000, 0x0000000800000000)
  region size 2048K, 3 young (6144K), 3 survivors (6144K)
 Metaspace       used 72810K, committed 73536K, reserved 1114112K
  class space    used 10203K, committed 10560K, reserved 1048576K
}
Event: 14.953 GC heap before
{Heap before GC invocations=16 (full 0):
 garbage-first heap   total reserved 4022272K, committed 79872K, used 64369K [0x000000070a800000, 0x0000000800000000)
  region size 2048K, 16 young (32768K), 3 survivors (6144K)
 Metaspace       used 72814K, committed 73536K, reserved 1114112K
  class space    used 10203K, committed 10560K, reserved 1048576K
}
Event: 14.957 GC heap after
{Heap after GC invocations=17 (full 0):
 garbage-first heap   total reserved 4022272K, committed 79872K, used 38032K [0x000000070a800000, 0x0000000800000000)
  region size 2048K, 1 young (2048K), 1 survivors (2048K)
 Metaspace       used 72814K, committed 73536K, reserved 1114112K
  class space    used 10203K, committed 10560K, reserved 1048576K
}
Event: 15.114 GC heap before
{Heap before GC invocations=18 (full 0):
 garbage-first heap   total reserved 4022272K, committed 79872K, used 68752K [0x000000070a800000, 0x0000000800000000)
  region size 2048K, 16 young (32768K), 1 survivors (2048K)
 Metaspace       used 72816K, committed 73536K, reserved 1114112K
  class space    used 10203K, committed 10560K, reserved 1048576K
}
Event: 15.121 GC heap after
{Heap after GC invocations=19 (full 0):
 garbage-first heap   total reserved 4022272K, committed 79872K, used 45792K [0x000000070a800000, 0x0000000800000000)
  region size 2048K, 2 young (4096K), 2 survivors (4096K)
 Metaspace       used 72816K, committed 73536K, reserved 1114112K
  class space    used 10203K, committed 10560K, reserved 1048576K
}
Event: 15.212 GC heap before
{Heap before GC invocations=19 (full 0):
 garbage-first heap   total reserved 4022272K, committed 79872K, used 66272K [0x000000070a800000, 0x0000000800000000)
  region size 2048K, 12 young (24576K), 2 survivors (4096K)
 Metaspace       used 72817K, committed 73536K, reserved 1114112K
  class space    used 10203K, committed 10560K, reserved 1048576K
}
Event: 15.217 GC heap after
{Heap after GC invocations=20 (full 0):
 garbage-first heap   total reserved 4022272K, committed 79872K, used 46488K [0x000000070a800000, 0x0000000800000000)
  region size 2048K, 1 young (2048K), 1 survivors (2048K)
 Metaspace       used 72817K, committed 73536K, reserved 1114112K
  class space    used 10203K, committed 10560K, reserved 1048576K
}
Event: 15.308 GC heap before
{Heap before GC invocations=20 (full 0):
 garbage-first heap   total reserved 4022272K, committed 79872K, used 66968K [0x000000070a800000, 0x0000000800000000)
  region size 2048K, 11 young (22528K), 1 survivors (2048K)
 Metaspace       used 72817K, committed 73536K, reserved 1114112K
  class space    used 10203K, committed 10560K, reserved 1048576K
}
Event: 15.310 GC heap after
{Heap after GC invocations=21 (full 0):
 garbage-first heap   total reserved 4022272K, committed 79872K, used 47294K [0x000000070a800000, 0x0000000800000000)
  region size 2048K, 1 young (2048K), 1 survivors (2048K)
 Metaspace       used 72817K, committed 73536K, reserved 1114112K
  class space    used 10203K, committed 10560K, reserved 1048576K
}
Event: 15.533 GC heap before
{Heap before GC invocations=22 (full 0):
 garbage-first heap   total reserved 4022272K, committed 79872K, used 63678K [0x000000070a800000, 0x0000000800000000)
  region size 2048K, 11 young (22528K), 1 survivors (2048K)
 Metaspace       used 72950K, committed 73664K, reserved 1114112K
  class space    used 10216K, committed 10560K, reserved 1048576K
}
Event: 15.535 GC heap after
{Heap after GC invocations=23 (full 0):
 garbage-first heap   total reserved 4022272K, committed 79872K, used 42522K [0x000000070a800000, 0x0000000800000000)
  region size 2048K, 1 young (2048K), 1 survivors (2048K)
 Metaspace       used 72950K, committed 73664K, reserved 1114112K
  class space    used 10216K, committed 10560K, reserved 1048576K
}
Event: 16.684 GC heap before
{Heap before GC invocations=23 (full 0):
 garbage-first heap   total reserved 4022272K, committed 79872K, used 67098K [0x000000070a800000, 0x0000000800000000)
  region size 2048K, 14 young (28672K), 1 survivors (2048K)
 Metaspace       used 75954K, committed 76736K, reserved 1179648K
  class space    used 10675K, committed 11008K, reserved 1048576K
}
Event: 16.688 GC heap after
{Heap after GC invocations=24 (full 0):
 garbage-first heap   total reserved 4022272K, committed 106496K, used 39750K [0x000000070a800000, 0x0000000800000000)
  region size 2048K, 2 young (4096K), 2 survivors (4096K)
 Metaspace       used 75954K, committed 76736K, reserved 1179648K
  class space    used 10675K, committed 11008K, reserved 1048576K
}
Event: 19.372 GC heap before
{Heap before GC invocations=24 (full 0):
 garbage-first heap   total reserved 4022272K, committed 106496K, used 88902K [0x000000070a800000, 0x0000000800000000)
  region size 2048K, 27 young (55296K), 2 survivors (4096K)
 Metaspace       used 84344K, committed 85184K, reserved 1179648K
  class space    used 11762K, committed 12096K, reserved 1048576K
}
Event: 19.380 GC heap after
{Heap after GC invocations=25 (full 0):
 garbage-first heap   total reserved 4022272K, committed 106496K, used 42785K [0x000000070a800000, 0x0000000800000000)
  region size 2048K, 4 young (8192K), 4 survivors (8192K)
 Metaspace       used 84344K, committed 85184K, reserved 1179648K
  class space    used 11762K, committed 12096K, reserved 1048576K
}

Dll operation events (15 events):
Event: 0.024 Loaded shared library C:\Users\ACER\.jdks\openjdk-22.0.2\bin\java.dll
Event: 0.078 Loaded shared library C:\Users\ACER\.jdks\openjdk-22.0.2\bin\jsvml.dll
Event: 0.248 Loaded shared library C:\Users\ACER\.jdks\openjdk-22.0.2\bin\zip.dll
Event: 0.255 Loaded shared library C:\Users\ACER\.jdks\openjdk-22.0.2\bin\instrument.dll
Event: 0.265 Loaded shared library C:\Users\ACER\.jdks\openjdk-22.0.2\bin\net.dll
Event: 0.269 Loaded shared library C:\Users\ACER\.jdks\openjdk-22.0.2\bin\nio.dll
Event: 0.275 Loaded shared library C:\Users\ACER\.jdks\openjdk-22.0.2\bin\zip.dll
Event: 0.431 Loaded shared library C:\Program Files\JetBrains\IntelliJ IDEA Community Edition 2024.2.2\bin\breakgen64.dll
Event: 0.453 Loaded shared library C:\Users\ACER\.jdks\openjdk-22.0.2\bin\extnet.dll
Event: 0.523 Loaded shared library C:\Users\ACER\.jdks\openjdk-22.0.2\bin\jimage.dll
Event: 1.000 Loaded shared library C:\Users\ACER\.jdks\openjdk-22.0.2\bin\management.dll
Event: 1.008 Loaded shared library C:\Users\ACER\.jdks\openjdk-22.0.2\bin\management_ext.dll
Event: 1.856 Loaded shared library C:\Users\ACER\.jdks\openjdk-22.0.2\bin\le.dll
Event: 2.994 Loaded shared library C:\Users\ACER\.jdks\openjdk-22.0.2\bin\sunmscapi.dll
Event: 7.651 Loaded shared library C:\Users\ACER\.jdks\openjdk-22.0.2\bin\verify.dll

Deoptimization events (20 events):
Event: 18.189 Thread 0x0000020e847dda40 Uncommon trap: trap_request=0xffffff45 fr.pc=0x0000020eaf029a8c relative=0x00000000000012cc
Event: 18.189 Thread 0x0000020e847dda40 Uncommon trap: reason=unstable_if action=reinterpret pc=0x0000020eaf029a8c method=java.util.concurrent.ConcurrentHashMap.computeIfAbsent(Ljava/lang/Object;Ljava/util/function/Function;)Ljava/lang/Object; @ 364 c2
Event: 18.189 Thread 0x0000020e847dda40 DEOPT PACKING pc=0x0000020eaf029a8c sp=0x00000032660fb000
Event: 18.189 Thread 0x0000020e847dda40 DEOPT UNPACKING pc=0x0000020eae6446a2 sp=0x00000032660faf78 mode 2
Event: 18.462 Thread 0x0000020e847dc690 Uncommon trap: trap_request=0xffffff45 fr.pc=0x0000020eaef29e54 relative=0x0000000000000594
Event: 18.462 Thread 0x0000020e847dc690 Uncommon trap: reason=unstable_if action=reinterpret pc=0x0000020eaef29e54 method=java.lang.reflect.Executable.declaredAnnotations()Ljava/util/Map; @ 19 c2
Event: 18.462 Thread 0x0000020e847dc690 DEOPT PACKING pc=0x0000020eaef29e54 sp=0x00000032662f9330
Event: 18.462 Thread 0x0000020e847dc690 DEOPT UNPACKING pc=0x0000020eae6446a2 sp=0x00000032662f9058 mode 2
Event: 19.485 Thread 0x0000020e847de760 DEOPT PACKING pc=0x0000020ea7e54742 sp=0x00000032668f9410
Event: 19.485 Thread 0x0000020e847de760 DEOPT UNPACKING pc=0x0000020eae644e42 sp=0x00000032668f8ba0 mode 0
Event: 19.549 Thread 0x0000020e847dedf0 DEOPT PACKING pc=0x0000020ea7e54742 sp=0x0000003266af9070
Event: 19.549 Thread 0x0000020e847dedf0 DEOPT UNPACKING pc=0x0000020eae644e42 sp=0x0000003266af8800 mode 0
Event: 19.595 Thread 0x0000020e847dc690 DEOPT PACKING pc=0x0000020ea77a262a sp=0x00000032662fa640
Event: 19.595 Thread 0x0000020e847dc690 DEOPT UNPACKING pc=0x0000020eae644e42 sp=0x00000032662f9ad8 mode 0
Event: 19.618 Thread 0x0000020e847dda40 DEOPT PACKING pc=0x0000020ea7e54742 sp=0x00000032660f9430
Event: 19.618 Thread 0x0000020e847dda40 DEOPT UNPACKING pc=0x0000020eae644e42 sp=0x00000032660f8bc0 mode 0
Event: 19.684 Thread 0x0000020e847de0d0 DEOPT PACKING pc=0x0000020ea7e54742 sp=0x00000032664f93c0
Event: 19.684 Thread 0x0000020e847de0d0 DEOPT UNPACKING pc=0x0000020eae644e42 sp=0x00000032664f8b50 mode 0
Event: 19.748 Thread 0x0000020e847db2e0 DEOPT PACKING pc=0x0000020ea7e54742 sp=0x00000032667f8fd0
Event: 19.748 Thread 0x0000020e847db2e0 DEOPT UNPACKING pc=0x0000020eae644e42 sp=0x00000032667f8760 mode 0

Classes loaded (20 events):
Event: 18.450 Loading class java/io/ObjectStreamClass$Caches$2
Event: 18.450 Loading class java/io/ObjectStreamClass$Caches$2 done
Event: 18.450 Loading class java/io/ObjectStreamClass$2
Event: 18.451 Loading class java/io/ObjectStreamClass$2 done
Event: 18.451 Loading class jdk/internal/reflect/MethodHandleLongFieldAccessorImpl
Event: 18.451 Loading class jdk/internal/reflect/MethodHandleLongFieldAccessorImpl done
Event: 18.456 Loading class java/io/ClassCache$CacheRef
Event: 18.457 Loading class java/io/ClassCache$CacheRef done
Event: 18.457 Loading class java/io/ObjectStreamClass$FieldReflectorKey
Event: 18.458 Loading class java/io/ObjectStreamClass$FieldReflectorKey done
Event: 18.458 Loading class java/io/ObjectStreamClass$FieldReflector
Event: 18.459 Loading class java/io/ObjectStreamClass$FieldReflector done
Event: 18.460 Loading class java/io/ObjectStreamClass$ClassDataSlot
Event: 18.460 Loading class java/io/ObjectStreamClass$ClassDataSlot done
Event: 18.461 Loading class java/io/ObjectInputStream$FieldValues
Event: 18.461 Loading class java/io/ObjectInputStream$GetField
Event: 18.462 Loading class java/io/ObjectInputStream$GetField done
Event: 18.462 Loading class java/io/ObjectInputStream$FieldValues done
Event: 18.462 Loading class java/io/SerialCallbackContext
Event: 18.462 Loading class java/io/SerialCallbackContext done

Classes unloaded (0 events):
No events

Classes redefined (0 events):
No events

Internal exceptions (20 events):
Event: 16.957 Thread 0x0000020eff750210 Implicit null exception at 0x0000020eaecfd6c2 to 0x0000020eaecfd738
Event: 17.006 Thread 0x0000020eff750210 Exception <a 'java/lang/NoSuchMethodError'{0x00000007170942f0}: 'java.lang.Object java.lang.invoke.Invokers$Holder.invoke_MT(java.lang.Object, java.lang.Object, java.lang.Object, java.lang.Object, java.lang.Object, java.lang.Object, java.lang.Object, java.lang.Object, java.lang.Object, java.lang.Object, java.lang.Object)'> (0x00000007170942f0) 
thrown [s\open\src\hotspot\share\interpreter\linkResolver.cpp, line 774]
Event: 17.195 Thread 0x0000020eff750210 Exception <a 'java/lang/NoSuchMethodError'{0x000000071047d940}: 'java.lang.Object java.lang.invoke.DirectMethodHandle$Holder.newInvokeSpecial(java.lang.Object, java.lang.Object, int, java.lang.Object, java.lang.Object)'> (0x000000071047d940) 
thrown [s\open\src\hotspot\share\interpreter\linkResolver.cpp, line 774]
Event: 17.264 Thread 0x0000020e847df480 Exception <a 'java/lang/NoSuchMethodError'{0x0000000710077a98}: 'java.lang.Object java.lang.invoke.DirectMethodHandle$Holder.invokeStatic(java.lang.Object, java.lang.Object, java.lang.Object, int, int)'> (0x0000000710077a98) 
thrown [s\open\src\hotspot\share\interpreter\linkResolver.cpp, line 774]
Event: 17.265 Thread 0x0000020e847df480 Exception <a 'java/lang/NoSuchMethodError'{0x000000071007b1f0}: 'java.lang.Object java.lang.invoke.DirectMethodHandle$Holder.invokeStaticInit(java.lang.Object, java.lang.Object, java.lang.Object, int, int)'> (0x000000071007b1f0) 
thrown [s\open\src\hotspot\share\interpreter\linkResolver.cpp, line 774]
Event: 17.372 Thread 0x0000020e847dda40 Exception <a 'java/lang/NoSuchMethodError'{0x000000070fe8d3b8}: 'java.lang.Object java.lang.invoke.DirectMethodHandle$Holder.invokeSpecial(java.lang.Object, java.lang.Object, java.lang.Object, java.lang.Object, java.lang.Object, long)'> (0x000000070fe8d3b8) 
thrown [s\open\src\hotspot\share\interpreter\linkResolver.cpp, line 774]
Event: 17.372 Thread 0x0000020e847dda40 Exception <a 'java/lang/NoSuchMethodError'{0x000000070fe90b40}: 'java.lang.Object java.lang.invoke.Invokers$Holder.linkToTargetMethod(java.lang.Object, java.lang.Object, java.lang.Object, long, java.lang.Object)'> (0x000000070fe90b40) 
thrown [s\open\src\hotspot\share\interpreter\linkResolver.cpp, line 774]
Event: 17.879 Thread 0x0000020e847dda40 Exception <a 'java/lang/NoSuchMethodError'{0x000000070f6b6108}: 'java.lang.Object java.lang.invoke.DelegatingMethodHandle$Holder.reinvoke_L(java.lang.Object, java.lang.Object, java.lang.Object, int, int, int, java.lang.Object, java.lang.Object)'> (0x000000070f6b6108) 
thrown [s\open\src\hotspot\share\interpreter\linkResolver.cpp, line 774]
Event: 17.880 Thread 0x0000020e847dc690 Exception <a 'java/lang/NoSuchMethodError'{0x000000070f664ae8}: 'java.lang.Object java.lang.invoke.DelegatingMethodHandle$Holder.reinvoke_L(java.lang.Object, java.lang.Object, java.lang.Object, int, int, int, java.lang.Object, java.lang.Object)'> (0x000000070f664ae8) 
thrown [s\open\src\hotspot\share\interpreter\linkResolver.cpp, line 774]
Event: 18.021 Thread 0x0000020e847dda40 Implicit null exception at 0x0000020eaed8620a to 0x0000020eaed8628c
Event: 18.063 Thread 0x0000020e847dda40 Exception <a 'java/lang/NoSuchMethodError'{0x000000070f2c5030}: 'void java.lang.invoke.DirectMethodHandle$Holder.invokeSpecialIFC(java.lang.Object, java.lang.Object, int, java.lang.Object, java.lang.Object, java.lang.Object, java.lang.Object)'> (0x000000070f2c5030) 
thrown [s\open\src\hotspot\share\interpreter\linkResolver.cpp, line 774]
Event: 18.063 Thread 0x0000020e847dc690 Exception <a 'java/lang/NoSuchMethodError'{0x000000070f283b20}: 'void java.lang.invoke.DirectMethodHandle$Holder.invokeSpecialIFC(java.lang.Object, java.lang.Object, int, java.lang.Object, java.lang.Object, java.lang.Object, java.lang.Object)'> (0x000000070f283b20) 
thrown [s\open\src\hotspot\share\interpreter\linkResolver.cpp, line 774]
Event: 18.205 Thread 0x0000020e847dc690 Exception <a 'java/lang/IncompatibleClassChangeError'{0x000000070f108260}: Found class java.lang.Object, but interface was expected> (0x000000070f108260) 
thrown [s\open\src\hotspot\share\interpreter\linkResolver.cpp, line 841]
Event: 18.205 Thread 0x0000020e847dda40 Exception <a 'java/lang/IncompatibleClassChangeError'{0x000000070f1d0d90}: Found class java.lang.Object, but interface was expected> (0x000000070f1d0d90) 
thrown [s\open\src\hotspot\share\interpreter\linkResolver.cpp, line 841]
Event: 18.237 Thread 0x0000020e847dc690 Exception <a 'java/lang/NoSuchMethodError'{0x000000070ee315d0}: 'void java.lang.invoke.Invokers$Holder.invokeExact_MT(java.lang.Object, java.lang.Object, int, java.lang.Object)'> (0x000000070ee315d0) 
thrown [s\open\src\hotspot\share\interpreter\linkResolver.cpp, line 774]
Event: 18.237 Thread 0x0000020e847dda40 Exception <a 'java/lang/NoSuchMethodError'{0x000000070ee7a320}: 'void java.lang.invoke.Invokers$Holder.invokeExact_MT(java.lang.Object, java.lang.Object, int, java.lang.Object)'> (0x000000070ee7a320) 
thrown [s\open\src\hotspot\share\interpreter\linkResolver.cpp, line 774]
Event: 18.249 Thread 0x0000020e847dda40 Exception <a 'java/lang/IncompatibleClassChangeError'{0x000000070ee9bed8}: Found class java.lang.Object, but interface was expected> (0x000000070ee9bed8) 
thrown [s\open\src\hotspot\share\interpreter\linkResolver.cpp, line 841]
Event: 18.249 Thread 0x0000020e847dc690 Exception <a 'java/lang/IncompatibleClassChangeError'{0x000000070ee44930}: Found class java.lang.Object, but interface was expected> (0x000000070ee44930) 
thrown [s\open\src\hotspot\share\interpreter\linkResolver.cpp, line 841]
Event: 18.452 Thread 0x0000020e847dc690 Exception <a 'java/lang/NoSuchMethodError'{0x000000070ed833e8}: 'long java.lang.invoke.Invokers$Holder.invokeExact_MT(java.lang.Object, java.lang.Object)'> (0x000000070ed833e8) 
thrown [s\open\src\hotspot\share\interpreter\linkResolver.cpp, line 774]
Event: 18.452 Thread 0x0000020e847dda40 Exception <a 'java/lang/NoSuchMethodError'{0x000000070edbf620}: 'long java.lang.invoke.Invokers$Holder.invokeExact_MT(java.lang.Object, java.lang.Object)'> (0x000000070edbf620) 
thrown [s\open\src\hotspot\share\interpreter\linkResolver.cpp, line 774]

ZGC Phase Switch (0 events):
No events

VM Operations (20 events):
Event: 17.824 Executing VM operation: HandshakeAllThreads (Deoptimize)
Event: 17.824 Executing VM operation: HandshakeAllThreads (Deoptimize) done
Event: 17.824 Executing VM operation: Cleanup
Event: 17.824 Executing VM operation: Cleanup done
Event: 17.991 Executing VM operation: HandshakeAllThreads (Deoptimize)
Event: 17.992 Executing VM operation: HandshakeAllThreads (Deoptimize) done
Event: 18.018 Executing VM operation: HandshakeAllThreads (Deoptimize)
Event: 18.018 Executing VM operation: HandshakeAllThreads (Deoptimize) done
Event: 18.030 Executing VM operation: HandshakeAllThreads (Deoptimize)
Event: 18.030 Executing VM operation: HandshakeAllThreads (Deoptimize) done
Event: 18.254 Executing VM operation: HandshakeAllThreads (Deoptimize)
Event: 18.254 Executing VM operation: HandshakeAllThreads (Deoptimize) done
Event: 18.745 Executing VM operation: ICBufferFull
Event: 18.745 Executing VM operation: ICBufferFull done
Event: 18.745 Executing VM operation: ICBufferFull
Event: 18.746 Executing VM operation: ICBufferFull done
Event: 19.196 Executing VM operation: ICBufferFull
Event: 19.196 Executing VM operation: ICBufferFull done
Event: 19.371 Executing VM operation: G1CollectForAllocation (G1 Evacuation Pause)
Event: 19.380 Executing VM operation: G1CollectForAllocation (G1 Evacuation Pause) done

Memory protections (0 events):
No events

Nmethod flushes (20 events):
Event: 15.357 Thread 0x0000020ebde13150 flushing  nmethod 0x0000020ea74d2010
Event: 15.357 Thread 0x0000020ebde13150 flushing  nmethod 0x0000020ea75eea10
Event: 15.357 Thread 0x0000020ebde13150 flushing  nmethod 0x0000020ea75ef210
Event: 15.357 Thread 0x0000020ebde13150 flushing  nmethod 0x0000020ea7759790
Event: 15.357 Thread 0x0000020ebde13150 flushing  nmethod 0x0000020ea782d510
Event: 15.357 Thread 0x0000020ebde13150 flushing  nmethod 0x0000020ea7a66310
Event: 15.357 Thread 0x0000020ebde13150 flushing  nmethod 0x0000020ea7cc3f90
Event: 15.357 Thread 0x0000020ebde13150 flushing  nmethod 0x0000020ea7cc4310
Event: 15.357 Thread 0x0000020ebde13150 flushing  nmethod 0x0000020ea7cc4e10
Event: 15.357 Thread 0x0000020ebde13150 flushing  nmethod 0x0000020ea7cc7790
Event: 15.357 Thread 0x0000020ebde13150 flushing  nmethod 0x0000020ea7ccae90
Event: 15.357 Thread 0x0000020ebde13150 flushing  nmethod 0x0000020ea7ccb810
Event: 15.357 Thread 0x0000020ebde13150 flushing  nmethod 0x0000020ea7cccc90
Event: 15.357 Thread 0x0000020ebde13150 flushing  nmethod 0x0000020ea7ccd990
Event: 15.357 Thread 0x0000020ebde13150 flushing  nmethod 0x0000020ea7ccfb90
Event: 15.357 Thread 0x0000020ebde13150 flushing  nmethod 0x0000020ea7cd0490
Event: 15.357 Thread 0x0000020ebde13150 flushing  nmethod 0x0000020ea7cd1990
Event: 15.357 Thread 0x0000020ebde13150 flushing  nmethod 0x0000020ea7cd2b90
Event: 15.357 Thread 0x0000020ebde13150 flushing  nmethod 0x0000020ea7cd6010
Event: 15.357 Thread 0x0000020ebde13150 flushing  nmethod 0x0000020ea7cd6f90

Events (20 events):
Event: 17.164 Thread 0x0000020eff750210 Thread added: 0x0000020e84c3a8d0
Event: 17.164 Thread 0x0000020e84c3a8d0 Thread exited: 0x0000020e84c3a8d0
Event: 17.164 Thread 0x0000020eff750210 Thread added: 0x0000020e84c3a8d0
Event: 17.224 Thread 0x0000020eff750210 Thread added: 0x0000020e847dda40
Event: 17.224 Thread 0x0000020eff750210 Thread added: 0x0000020e847dc690
Event: 17.224 Thread 0x0000020eff750210 Thread added: 0x0000020e847da5c0
Event: 17.224 Thread 0x0000020eff750210 Thread added: 0x0000020e847de0d0
Event: 17.225 Thread 0x0000020eff750210 Thread added: 0x0000020e847dc000
Event: 17.225 Thread 0x0000020eff750210 Thread added: 0x0000020e847dac50
Event: 17.225 Thread 0x0000020eff750210 Thread added: 0x0000020e847db2e0
Event: 17.225 Thread 0x0000020eff750210 Thread added: 0x0000020e847de760
Event: 17.226 Thread 0x0000020eff750210 Thread added: 0x0000020e847dcd20
Event: 17.226 Thread 0x0000020eff750210 Thread added: 0x0000020e847dedf0
Event: 17.250 Thread 0x0000020eff750210 Thread added: 0x0000020e847db970
Event: 17.253 Thread 0x0000020eff750210 Thread added: 0x0000020e847df480
Event: 17.302 Thread 0x0000020eff750210 Thread exited: 0x0000020eff750210
Event: 17.309 Thread 0x0000020eff93c2a0 Thread exited: 0x0000020eff93c2a0
Event: 17.309 Thread 0x0000020e9cac0c80 Thread exited: 0x0000020e9cac0c80
Event: 17.309 Thread 0x0000020e847dfb10 Thread added: 0x0000020e847dfb10
Event: 18.103 Thread 0x0000020e847dc690 Thread added: 0x0000020e847e01a0


Dynamic libraries:
0x00007ff6f24d0000 - 0x00007ff6f24de000 	C:\Users\ACER\.jdks\openjdk-22.0.2\bin\java.exe
0x00007ff93f060000 - 0x00007ff93f2c7000 	C:\WINDOWS\SYSTEM32\ntdll.dll
0x00007ff93e3f0000 - 0x00007ff93e4b9000 	C:\WINDOWS\System32\KERNEL32.DLL
0x00007ff93c9f0000 - 0x00007ff93cde0000 	C:\WINDOWS\System32\KERNELBASE.dll
0x00007ff93c810000 - 0x00007ff93c95b000 	C:\WINDOWS\System32\ucrtbase.dll
0x00007ff938f50000 - 0x00007ff938f6b000 	C:\Users\ACER\.jdks\openjdk-22.0.2\bin\VCRUNTIME140.dll
0x00007ff938db0000 - 0x00007ff938dc7000 	C:\Users\ACER\.jdks\openjdk-22.0.2\bin\jli.dll
0x00007ff93ea00000 - 0x00007ff93ebc5000 	C:\WINDOWS\System32\USER32.dll
0x00007ff92a640000 - 0x00007ff92a8da000 	C:\WINDOWS\WinSxS\amd64_microsoft.windows.common-controls_6595b64144ccf1df_6.0.26100.4768_none_3e0c112ce331287c\COMCTL32.dll
0x00007ff93c660000 - 0x00007ff93c687000 	C:\WINDOWS\System32\win32u.dll
0x00007ff93ebd0000 - 0x00007ff93ec79000 	C:\WINDOWS\System32\msvcrt.dll
0x00007ff93ce90000 - 0x00007ff93cebb000 	C:\WINDOWS\System32\GDI32.dll
0x00007ff93c300000 - 0x00007ff93c438000 	C:\WINDOWS\System32\gdi32full.dll
0x00007ff93c250000 - 0x00007ff93c2f3000 	C:\WINDOWS\System32\msvcp_win.dll
0x00007ff93e7d0000 - 0x00007ff93e7ff000 	C:\WINDOWS\System32\IMM32.DLL
0x00007ff9370c0000 - 0x00007ff9370cc000 	C:\Users\ACER\.jdks\openjdk-22.0.2\bin\vcruntime140_1.dll
0x00007ff9271b0000 - 0x00007ff92723e000 	C:\Users\ACER\.jdks\openjdk-22.0.2\bin\msvcp140.dll
0x00007ff8ddf30000 - 0x00007ff8dec79000 	C:\Users\ACER\.jdks\openjdk-22.0.2\bin\server\jvm.dll
0x00007ff93d7f0000 - 0x00007ff93d8a4000 	C:\WINDOWS\System32\ADVAPI32.dll
0x00007ff93e000000 - 0x00007ff93e0a6000 	C:\WINDOWS\System32\sechost.dll
0x00007ff93d6d0000 - 0x00007ff93d7e8000 	C:\WINDOWS\System32\RPCRT4.dll
0x00007ff93ce10000 - 0x00007ff93ce84000 	C:\WINDOWS\System32\WS2_32.dll
0x00007ff93bff0000 - 0x00007ff93c04e000 	C:\WINDOWS\SYSTEM32\POWRPROF.dll
0x00007ff9350e0000 - 0x00007ff935115000 	C:\WINDOWS\SYSTEM32\WINMM.dll
0x00007ff935120000 - 0x00007ff93512b000 	C:\WINDOWS\SYSTEM32\VERSION.dll
0x00007ff93bfd0000 - 0x00007ff93bfe4000 	C:\WINDOWS\SYSTEM32\UMPDC.dll
0x00007ff93af10000 - 0x00007ff93af2b000 	C:\WINDOWS\SYSTEM32\kernel.appcore.dll
0x00007ff9370b0000 - 0x00007ff9370ba000 	C:\Users\ACER\.jdks\openjdk-22.0.2\bin\jimage.dll
0x00007ff92edb0000 - 0x00007ff92eff1000 	C:\WINDOWS\SYSTEM32\DBGHELP.DLL
0x00007ff93ec90000 - 0x00007ff93f015000 	C:\WINDOWS\System32\combase.dll
0x00007ff93e810000 - 0x00007ff93e8f0000 	C:\WINDOWS\System32\OLEAUT32.dll
0x00007ff922970000 - 0x00007ff9229b3000 	C:\WINDOWS\SYSTEM32\dbgcore.DLL
0x00007ff93c5c0000 - 0x00007ff93c659000 	C:\WINDOWS\System32\bcryptPrimitives.dll
0x00007ff92e4d0000 - 0x00007ff92e4df000 	C:\Users\ACER\.jdks\openjdk-22.0.2\bin\instrument.dll
0x00007ff92e4b0000 - 0x00007ff92e4ce000 	C:\Users\ACER\.jdks\openjdk-22.0.2\bin\java.dll
0x00007ff93d8b0000 - 0x00007ff93dffd000 	C:\WINDOWS\System32\SHELL32.dll
0x00007ff93c690000 - 0x00007ff93c803000 	C:\WINDOWS\System32\wintypes.dll
0x00007ff93d520000 - 0x00007ff93d6c0000 	C:\WINDOWS\System32\ole32.dll
0x00007ff939d70000 - 0x00007ff93a5d0000 	C:\WINDOWS\SYSTEM32\windows.storage.dll
0x00007ff93e900000 - 0x00007ff93e9f5000 	C:\WINDOWS\System32\SHCORE.dll
0x00007ff93e560000 - 0x00007ff93e5ca000 	C:\WINDOWS\System32\shlwapi.dll
0x00007ff93c0b0000 - 0x00007ff93c0d9000 	C:\WINDOWS\SYSTEM32\profapi.dll
0x00007ff9270d0000 - 0x00007ff9271a7000 	C:\Users\ACER\.jdks\openjdk-22.0.2\bin\jsvml.dll
0x00007ff92e3e0000 - 0x00007ff92e3f7000 	C:\Users\ACER\.jdks\openjdk-22.0.2\bin\zip.dll
0x00007ff92e420000 - 0x00007ff92e430000 	C:\Users\ACER\.jdks\openjdk-22.0.2\bin\net.dll
0x00007ff93b4a0000 - 0x00007ff93b50b000 	C:\WINDOWS\system32\mswsock.dll
0x00007ff92e400000 - 0x00007ff92e416000 	C:\Users\ACER\.jdks\openjdk-22.0.2\bin\nio.dll
0x00007ff929d40000 - 0x00007ff929d5a000 	C:\Program Files\JetBrains\IntelliJ IDEA Community Edition 2024.2.2\bin\breakgen64.dll
0x00007ff92e370000 - 0x00007ff92e379000 	C:\Users\ACER\.jdks\openjdk-22.0.2\bin\extnet.dll
0x00007ff92dfd0000 - 0x00007ff92dfda000 	C:\Users\ACER\.jdks\openjdk-22.0.2\bin\management.dll
0x00007ff92deb0000 - 0x00007ff92debb000 	C:\Users\ACER\.jdks\openjdk-22.0.2\bin\management_ext.dll
0x00007ff93ce00000 - 0x00007ff93ce08000 	C:\WINDOWS\System32\PSAPI.DLL
0x00007ff92abd0000 - 0x00007ff92abdb000 	C:\Users\ACER\.jdks\openjdk-22.0.2\bin\le.dll
0x00007ff92de70000 - 0x00007ff92de7e000 	C:\Users\ACER\.jdks\openjdk-22.0.2\bin\sunmscapi.dll
0x00007ff93c440000 - 0x00007ff93c5b7000 	C:\WINDOWS\System32\CRYPT32.dll
0x00007ff93b980000 - 0x00007ff93b9b0000 	C:\WINDOWS\SYSTEM32\ncrypt.dll
0x00007ff93b930000 - 0x00007ff93b96f000 	C:\WINDOWS\SYSTEM32\NTASN1.dll
0x00007ff93b760000 - 0x00007ff93b77b000 	C:\WINDOWS\SYSTEM32\CRYPTSP.dll
0x00007ff93ae70000 - 0x00007ff93aeab000 	C:\WINDOWS\system32\rsaenh.dll
0x00007ff93b540000 - 0x00007ff93b56b000 	C:\WINDOWS\SYSTEM32\USERENV.dll
0x00007ff93c080000 - 0x00007ff93c0a6000 	C:\WINDOWS\SYSTEM32\bcrypt.dll
0x00007ff93b780000 - 0x00007ff93b78c000 	C:\WINDOWS\SYSTEM32\CRYPTBASE.dll
0x00007ff93a950000 - 0x00007ff93a983000 	C:\WINDOWS\SYSTEM32\IPHLPAPI.DLL
0x00007ff93e550000 - 0x00007ff93e55a000 	C:\WINDOWS\System32\NSI.dll
0x00007ff929d30000 - 0x00007ff929d40000 	C:\Users\ACER\.jdks\openjdk-22.0.2\bin\verify.dll
0x00007ff93a9f0000 - 0x00007ff93ab16000 	C:\WINDOWS\SYSTEM32\DNSAPI.dll
0x00007ff932570000 - 0x00007ff93257b000 	C:\Windows\System32\rasadhlp.dll
0x00007ff935d30000 - 0x00007ff935db6000 	C:\WINDOWS\System32\fwpuclnt.dll
0x00007ff9347b0000 - 0x00007ff9347b8000 	C:\WINDOWS\system32\wshunix.dll

dbghelp: loaded successfully - version: 4.0.5 - missing functions: none
symbol engine: initialized successfully - sym options: 0x614 - pdb path: .;C:\Users\ACER\.jdks\openjdk-22.0.2\bin;C:\WINDOWS\SYSTEM32;C:\WINDOWS\WinSxS\amd64_microsoft.windows.common-controls_6595b64144ccf1df_6.0.26100.4768_none_3e0c112ce331287c;C:\Users\ACER\.jdks\openjdk-22.0.2\bin\server;C:\Program Files\JetBrains\IntelliJ IDEA Community Edition 2024.2.2\bin

VM Arguments:
jvm_args: -javaagent:C:\Program Files\JetBrains\IntelliJ IDEA Community Edition 2024.2.2\lib\idea_rt.jar=54830:C:\Program Files\JetBrains\IntelliJ IDEA Community Edition 2024.2.2\bin -Dfile.encoding=UTF-8 -Dsun.stdout.encoding=UTF-8 -Dsun.stderr.encoding=UTF-8 
java_command: com.nilesh.OnlineFoodOrderingApplication
java_class_path (initial): C:\Users\ACER\Desktop\Spring_Boot\Online-Food-Ordering\target\classes;C:\Users\ACER\.m2\repository\org\springframework\boot\spring-boot-starter-data-jpa\3.5.5\spring-boot-starter-data-jpa-3.5.5.jar;C:\Users\ACER\.m2\repository\org\springframework\boot\spring-boot-starter\3.5.5\spring-boot-starter-3.5.5.jar;C:\Users\ACER\.m2\repository\org\springframework\boot\spring-boot-starter-logging\3.5.5\spring-boot-starter-logging-3.5.5.jar;C:\Users\ACER\.m2\repository\ch\qos\logback\logback-classic\1.5.18\logback-classic-1.5.18.jar;C:\Users\ACER\.m2\repository\ch\qos\logback\logback-core\1.5.18\logback-core-1.5.18.jar;C:\Users\ACER\.m2\repository\org\apache\logging\log4j\log4j-to-slf4j\2.24.3\log4j-to-slf4j-2.24.3.jar;C:\Users\ACER\.m2\repository\org\apache\logging\log4j\log4j-api\2.24.3\log4j-api-2.24.3.jar;C:\Users\ACER\.m2\repository\org\slf4j\jul-to-slf4j\2.0.17\jul-to-slf4j-2.0.17.jar;C:\Users\ACER\.m2\repository\jakarta\annotation\jakarta.annotation-api\2.1.1\jakarta.annotation-api-2.1.1.jar;C:\Users\ACER\.m2\repository\org\yaml\snakeyaml\2.4\snakeyaml-2.4.jar;C:\Users\ACER\.m2\repository\org\springframework\boot\spring-boot-starter-jdbc\3.5.5\spring-boot-starter-jdbc-3.5.5.jar;C:\Users\ACER\.m2\repository\com\zaxxer\HikariCP\6.3.2\HikariCP-6.3.2.jar;C:\Users\ACER\.m2\repository\org\springframework\spring-jdbc\6.2.10\spring-jdbc-6.2.10.jar;C:\Users\ACER\.m2\repository\org\hibernate\orm\hibernate-core\6.6.26.Final\hibernate-core-6.6.26.Final.jar;C:\Users\ACER\.m2\repository\jakarta\persistence\jakarta.persistence-api\3.1.0\jakarta.persistence-api-3.1.0.jar;C:\Users\ACER\.m2\repository\jakarta\transaction\jakarta.transaction-api\2.0.1\jakarta.transaction-api-2.0.1.jar;C:\Users\ACER\.m2\repository\org\jboss\logging\jboss-logging\3.6.1.Final\jboss-logging-3.6.1.Final.jar;C:\Users\ACER\.m2\repository\org\hibernate\common\hibernate-commons-annotations\7.0.3.Final\hibernate-commons-annotations-7.0.3.Final.jar;C:\Users\ACER\.m2\repository\io\smallrye\jandex\3.2.0\jandex-3.2.0.jar;C:\Users\ACER\.m2\repository\com\fasterxml\classmate\1.7.0\classmate-1.7.0.jar;C:\Users\ACER\.m2\repository\net\bytebuddy\byte-buddy\1.17.7\byte-buddy-1.17.7.jar;C:\Users\ACER\.m2\repository\org\glassfish\jaxb\jaxb-runtime\4.0.5\jaxb-runtime-4.0.5.jar;C:\Users\ACER\.m2\repository\org\glassfish\jaxb\jaxb-core\4.0.5\jaxb-core-4.0.5.jar;C:\Users\ACER\.m2\repository\org\eclipse\angus\angus-activation\2.0.2\angus-activation-2.0.2.jar;C:\Users\ACER\.m2\repository\org\glassfish\jaxb\txw2\4.0.5\txw2-4.0.5.jar;C:\Users\ACER\.m2\repository\com\sun\istack\istack-commons-runtime\4.1.2\istack-commons-runtime-4.1.2.jar;C:\Users\ACER\.m2\repository\jakarta\inject\jakarta.inject-api\2.0.1\jakarta.inject-api-2.0.1.jar;C:\Users\ACER\.m2\repository\org\antlr\antlr4-runtime\4.13.0\antlr4-runtime-4.13.0.jar;C:\Users\ACER\.m2\repository\org\springframework\data\spring-data-jpa\3.5.3\spring-data-jpa-3.5.3.jar;C:\Users\ACER\.m2\repository\org\springframework\data\spring-data-commons\3.5.3\spring-data-commons-3.5.3.jar;C:\Users\ACER\.m2\repository\org\springframework\spring-orm\6.2.10\spring-orm-6.2.10.jar;C:\Users\ACER\.m2\repository\org\springframework\spring-context\6.2.10\spring-context-6.2.10.jar;C:\Users\ACER\.m2\repository\org\springframework\spring-tx\6.2.10\spring-tx-6.2.10.jar;C:\Users\ACER\.m2\repository\org\springframework\spring-beans\6.2.10\spring-beans-6.2.10.jar;C:\Users\ACER\.m2\repository\org\slf4j\slf4j-api\2.0.17\slf4j-api-2.0.17.jar;C:\Users\ACER\.m2\repository\org\springframework\spring-aspects\6.2.10\spring-aspects-6.2.10.jar;C:\Users\ACER\.m2\repository\org\aspectj\aspectjweaver\1.9.24\aspectjweaver-1.9.24.jar;C:\Users\ACER\.m2\repository\org\springframework\boot\spring-boot-starter-security\3.5.5\spring-boot-starter-security-3.5.5.jar;C:\Users\ACER\.m2\repository\org\springframework\spring-aop\6.2.10\spring-aop-6.2.10.jar;C:\Users\ACER\.m2\repository\org\springframework\security\spring-security-config\6.5.3\spring-security-config-6.5.3.jar;C:\Users\ACER\.m2\repository\org\springframework\security\spring-security-web\6.5.3\spring-security-web-6.5.3.jar;C:\Users\ACER\.m2\repository\org\springframework\spring-expression\6.2.10\spring-expression-6.2.10.jar;C:\Users\ACER\.m2\repository\org\springframework\boot\spring-boot-starter-web\3.5.5\spring-boot-starter-web-3.5.5.jar;C:\Users\ACER\.m2\repository\org\springframework\boot\spring-boot-starter-json\3.5.5\spring-boot-starter-json-3.5.5.jar;C:\Users\ACER\.m2\repository\com\fasterxml\jackson\datatype\jackson-datatype-jdk8\2.19.2\jackson-datatype-jdk8-2.19.2.jar;C:\Users\ACER\.m2\repository\com\fasterxml\jackson\datatype\jackson-datatype-jsr310\2.19.2\jackson-datatype-jsr310-2.19.2.jar;C:\Users\ACER\.m2\repository\com\fasterxml\jackson\module\jackson-module-parameter-names\2.19.2\jackson-module-parameter-names-2.19.2.jar;C:\Users\ACER\.m2\repository\org\springframework\boot\spring-boot-starter-tomcat\3.5.5\spring-boot-starter-tomcat-3.5.5.jar;C:\Users\ACER\.m2\repository\org\apache\tomcat\embed\tomcat-embed-core\10.1.44\tomcat-embed-core-10.1.44.jar;C:\Users\ACER\.m2\repository\org\apache\tomcat\embed\tomcat-embed-el\10.1.44\tomcat-embed-el-10.1.44.jar;C:\Users\ACER\.m2\repository\org\apache\tomcat\embed\tomcat-embed-websocket\10.1.44\tomcat-embed-websocket-10.1.44.jar;C:\Users\ACER\.m2\repository\org\springframework\spring-web\6.2.10\spring-web-6.2.10.jar;C:\Users\ACER\.m2\repository\io\micrometer\micrometer-observation\1.15.3\micrometer-observation-1.15.3.jar;C:\Users\ACER\.m2\repository\io\micrometer\micrometer-commons\1.15.3\micrometer-commons-1.15.3.jar;C:\Users\ACER\.m2\repository\org\springframework\spring-webmvc\6.2.10\spring-webmvc-6.2.10.jar;C:\Users\ACER\.m2\repository\io\jsonwebtoken\jjwt-api\0.11.5\jjwt-api-0.11.5.jar;C:\Users\ACER\.m2\repository\io\jsonwebtoken\jjwt-impl\0.11.5\jjwt-impl-0.11.5.jar;C:\Users\ACER\.m2\repository\io\jsonwebtoken\jjwt-jackson\0.11.5\jjwt-jackson-0.11.5.jar;C:\Users\ACER\.m2\repository\com\fasterxml\jackson\core\jackson-databind\2.19.2\jackson-databind-2.19.2.jar;C:\Users\ACER\.m2\repository\com\fasterxml\jackson\core\jackson-annotations\2.19.2\jackson-annotations-2.19.2.jar;C:\Users\ACER\.m2\repository\com\fasterxml\jackson\core\jackson-core\2.19.2\jackson-core-2.19.2.jar;C:\Users\ACER\.m2\repository\org\springframework\boot\spring-boot-devtools\3.5.5\spring-boot-devtools-3.5.5.jar;C:\Users\ACER\.m2\repository\org\springframework\boot\spring-boot\3.5.5\spring-boot-3.5.5.jar;C:\Users\ACER\.m2\repository\org\springframework\boot\spring-boot-autoconfigure\3.5.5\spring-boot-autoconfigure-3.5.5.jar;C:\Users\ACER\.m2\repository\com\mysql\mysql-connector-j\9.4.0\mysql-connector-j-9.4.0.jar;C:\Users\ACER\.m2\repository\jakarta\xml\bind\jakarta.xml.bind-api\4.0.2\jakarta.xml.bind-api-4.0.2.jar;C:\Users\ACER\.m2\repository\jakarta\activation\jakarta.activation-api\2.1.3\jakarta.activation-api-2.1.3.jar;C:\Users\ACER\.m2\repository\org\springframework\spring-core\6.2.10\spring-core-6.2.10.jar;C:\Users\ACER\.m2\repository\org\springframework\spring-jcl\6.2.10\spring-jcl-6.2.10.jar;C:\Users\ACER\.m2\repository\org\springframework\security\spring-security-core\6.5.3\spring-security-core-6.5.3.jar;C:\Users\ACER\.m2\repository\org\springframework\security\spring-security-crypto\6.5.3\spring-security-crypto-6.5.3.jar
Launcher Type: SUN_STANDARD

[Global flags]
     intx CICompilerCount                          = 4                                         {product} {ergonomic}
     uint ConcGCThreads                            = 3                                         {product} {ergonomic}
     uint G1ConcRefinementThreads                  = 10                                        {product} {ergonomic}
   size_t G1HeapRegionSize                         = 2097152                                   {product} {ergonomic}
   size_t InitialHeapSize                          = 257949696                                 {product} {ergonomic}
   size_t MarkStackSize                            = 4194304                                   {product} {ergonomic}
   size_t MaxHeapSize                              = 4118806528                                {product} {ergonomic}
   size_t MaxNewSize                               = 2470445056                                {product} {ergonomic}
   size_t MinHeapDeltaBytes                        = 2097152                                   {product} {ergonomic}
   size_t MinHeapSize                              = 8388608                                   {product} {ergonomic}
    uintx NonNMethodCodeHeapSize                   = 5839372                                {pd product} {ergonomic}
    uintx NonProfiledCodeHeapSize                  = 122909434                              {pd product} {ergonomic}
    uintx ProfiledCodeHeapSize                     = 122909434                              {pd product} {ergonomic}
    uintx ReservedCodeCacheSize                    = 251658240                              {pd product} {ergonomic}
     bool SegmentedCodeCache                       = true                                      {product} {ergonomic}
   size_t SoftMaxHeapSize                          = 4118806528                             {manageable} {ergonomic}
     bool UseCompressedOops                        = true                           {product lp64_product} {ergonomic}
     bool UseG1GC                                  = true                                      {product} {ergonomic}
     bool UseLargePagesIndividualAllocation        = false                                  {pd product} {ergonomic}

Logging:
Log output configuration:
 #0: stdout all=warning uptime,level,tags foldmultilines=false
 #1: stderr all=off uptime,level,tags foldmultilines=false

Environment Variables:
JAVA_HOME=C:\Program Files\Microsoft\jdk-17.0.14.7-hotspot\
PATH=C:\Program Files\Python310\Scripts\;C:\Program Files\Python310\;c:\Users\ACER\AppData\Local\Programs\cursor\resources\app\bin;C:\Program Files\Microsoft\jdk-17.0.14.7-hotspot\bin;C:\Program Files\Eclipse Adoptium\jdk-21.0.4.7-hotspot\bin;C:\WINDOWS\system32;C:\WINDOWS;C:\WINDOWS\System32\Wbem;C:\WINDOWS\System32\WindowsPowerShell\v1.0\;C:\WINDOWS\System32\OpenSSH\;C:\Users\ACER\Downloads\gradle-8.10-bin\gradle-8.10\bin;C:\Users\ACER\Downloads\mingw-w64-v11.0.0\mingw-w64-v11.0.0;C:\MinGW\bin;C:\Users\ACER\Downloads\apache-maven-3.9.9-bin\apache-maven-3.9.9\bin;C:\Program Files\Git\cmd;C:\Program Files\nodejs\;C:\ProgramData\chocolatey\bin;C:\Users\ACER\AppData\Roaming\Python\Python313\Scripts;C:\Program Files\MySQL\MySQL Shell 8.0\bin\;C:\Users\ACER\AppData\Local\Microsoft\WindowsApps;C:\Program Files\JetBrains\IntelliJ IDEA 2024.2.1\bin;C:\msys64\ucrt64\bin;C:\Users\ACER\Downloads\apache-maven-3.9.9-bin\apache-maven-3.9.9\bin;C:\Users\ACER\AppData\Local\Programs\mongosh\;C:\Program Files (x86)\MongoDB Atlas CLI\;C:\Program Files\JetBra;C:\Program Files\Docker\Docker\resources\bin;C:\Program Files\PostgreSQL\17\bin;C:\Users\ACER\AppData\Local\Programs\Python\Python313;C:\Program Files (x86)\Microsoft Visual Studio\2019\BuildTools\VC\Tools\MSVC\14.29.30133\bin\Hostx64\x64;C:\Program Files\Microsoft VS Code\bin;C:\Program Files\MySQL\MySQL Shell 8.0\bin\;C:\Users\ACER\AppData\Local\Microsoft\WindowsApps;C:\Program Files\JetBrains\IntelliJ IDEA 2024.2.1\bin;;C:\msys64\ucrt64\bin;C:\Users\ACER\AppData\Local\Programs\Microsoft VS Code\bin;C:\Users\ACER\Downloads\apache-maven-3.9.9-bin\apache-maven-3.9.9\bin;C:\Program Files (x86)\MongoDB Atlas CLI\;C:\Program Files\JetBrains\PyCharm Community Edition 2024.3.5\bin;;C:\Users\ACER\AppData\Roaming\npm;C:\Users\ACER\AppData\Local\Programs\Python\Python313;C:\Users\ACER\Documents\odoo-setup\python;C:\Users\ACER\AppData\Local\Programs\Windsurf\bin;C:\Users\ACER\AppData\Local\Programs\cursor\resources\app\bin;C:\Users\ACER\AppData\Local\Programs\mongosh\
USERNAME=ACER
OS=Windows_NT
PROCESSOR_IDENTIFIER=AMD64 Family 23 Model 104 Stepping 1, AuthenticAMD
TMP=C:\Users\ACER\AppData\Local\Temp
TEMP=C:\Users\ACER\AppData\Local\Temp




Periodic native trim disabled

---------------  S Y S T E M  ---------------

OS:
 Windows 11 , 64 bit Build 26100 (10.0.26100.4768)
OS uptime: 0 days 4:49 hours
Hyper-V role detected

CPU: total 12 (initial active 12) (12 cores per cpu, 2 threads per core) family 23 model 104 stepping 1 microcode 0x8608104, cx8, cmov, fxsr, ht, mmx, 3dnowpref, sse, sse2, sse3, ssse3, sse4a, sse4.1, sse4.2, popcnt, lzcnt, tsc, tscinvbit, avx, avx2, aes, clmul, bmi1, bmi2, adx, sha, fma, vzeroupper, clflush, clflushopt, hv, rdtscp, rdpid, f16c
Processor Information for all 12 processors :
  Max Mhz: 2100, Current Mhz: 2100, Mhz Limit: 2100

Memory: 4k page, system-wide physical 15708M (2709M free)
TotalPageFile size 41269M (AvailPageFile size 49M)
current process WorkingSet (physical memory assigned to process): 352M, peak: 364M
current process commit charge ("private bytes"): 392M, peak: 404M

vm_info: OpenJDK 64-Bit Server VM (22.0.2+9-70) for windows-amd64 JRE (22.0.2+9-70), built on 2024-06-04T16:52:23Z by "mach5one" with MS VC++ 17.6 (VS2022)

END.
